# JRE version: OpenJDK Runtime Environment (11.0.12+7) (build 11.0.12+7-b1504.28-7817840)
# Java VM: OpenJDK 64-Bit Server VM (11.0.12+7-b1504.28-7817840, mixed mode, tiered, compressed oops, g1 gc, windows-amd64)
Heap:
 garbage-first heap   total 194560K, used 99024K [0x0000000080000000, 0x0000000100000000)
  region size 1024K, 22 young (22528K), 5 survivors (5120K)
 Metaspace       used 69883K, capacity 71834K, committed 71884K, reserved 1112064K
  class space    used 8942K, capacity 9641K, committed 9676K, reserved 1048576K
GC Heap History (20 events):
Event: 3.826 GC heap before
{Heap before GC invocations=4 (full 0):
 garbage-first heap   total 131072K, used 45104K [0x0000000080000000, 0x0000000100000000)
  region size 1024K, 35 young (35840K), 6 survivors (6144K)
 Metaspace       used 20659K, capacity 21151K, committed 21248K, reserved 1067008K
  class space    used 2538K, capacity 2728K, committed 2816K, reserved 1048576K
}
Event: 3.834 GC heap after
{Heap after GC invocations=5 (full 0):
 garbage-first heap   total 161792K, used 17515K [0x0000000080000000, 0x0000000100000000)
  region size 1024K, 5 young (5120K), 5 survivors (5120K)
 Metaspace       used 20659K, capacity 21151K, committed 21248K, reserved 1067008K
  class space    used 2538K, capacity 2728K, committed 2816K, reserved 1048576K
}
Event: 4.976 GC heap before
{Heap before GC invocations=6 (full 0):
 garbage-first heap   total 161792K, used 68715K [0x0000000080000000, 0x0000000100000000)
  region size 1024K, 55 young (56320K), 5 survivors (5120K)
 Metaspace       used 26023K, capacity 26662K, committed 26880K, reserved 1073152K
  class space    used 3363K, capacity 3570K, committed 3584K, reserved 1048576K
}
Event: 4.985 GC heap after
{Heap after GC invocations=7 (full 0):
 garbage-first heap   total 161792K, used 19350K [0x0000000080000000, 0x0000000100000000)
  region size 1024K, 3 young (3072K), 3 survivors (3072K)
 Metaspace       used 26023K, capacity 26662K, committed 26880K, reserved 1073152K
  class space    used 3363K, capacity 3570K, committed 3584K, reserved 1048576K
}
Event: 6.042 GC heap before
{Heap before GC invocations=7 (full 0):
 garbage-first heap   total 161792K, used 95126K [0x0000000080000000, 0x0000000100000000)
  region size 1024K, 67 young (68608K), 3 survivors (3072K)
 Metaspace       used 31883K, capacity 32767K, committed 33024K, reserved 1077248K
  class space    used 4301K, capacity 4604K, committed 4608K, reserved 1048576K
}
Event: 6.049 GC heap after
{Heap after GC invocations=8 (full 0):
 garbage-first heap   total 161792K, used 34914K [0x0000000080000000, 0x0000000100000000)
  region size 1024K, 9 young (9216K), 9 survivors (9216K)
 Metaspace       used 31883K, capacity 32767K, committed 33024K, reserved 1077248K
  class space    used 4301K, capacity 4604K, committed 4608K, reserved 1048576K
}
Event: 6.408 GC heap before
{Heap before GC invocations=8 (full 0):
 garbage-first heap   total 161792K, used 51298K [0x0000000080000000, 0x0000000100000000)
  region size 1024K, 26 young (26624K), 9 survivors (9216K)
 Metaspace       used 34890K, capacity 35833K, committed 35840K, reserved 1081344K
  class space    used 4657K, capacity 4987K, committed 4992K, reserved 1048576K
}
Event: 6.419 GC heap after
{Heap after GC invocations=9 (full 0):
 garbage-first heap   total 161792K, used 36034K [0x0000000080000000, 0x0000000100000000)
  region size 1024K, 7 young (7168K), 7 survivors (7168K)
 Metaspace       used 34890K, capacity 35833K, committed 35840K, reserved 1081344K
  class space    used 4657K, capacity 4987K, committed 4992K, reserved 1048576K
}
Event: 7.849 GC heap before
{Heap before GC invocations=10 (full 0):
 garbage-first heap   total 161792K, used 109762K [0x0000000080000000, 0x0000000100000000)
  region size 1024K, 77 young (78848K), 7 survivors (7168K)
 Metaspace       used 42975K, capacity 44069K, committed 44236K, reserved 1087488K
  class space    used 5540K, capacity 5982K, committed 6092K, reserved 1048576K
}
Event: 7.885 GC heap after
{Heap after GC invocations=11 (full 0):
 garbage-first heap   total 161792K, used 42049K [0x0000000080000000, 0x0000000100000000)
  region size 1024K, 7 young (7168K), 7 survivors (7168K)
 Metaspace       used 42975K, capacity 44069K, committed 44236K, reserved 1087488K
  class space    used 5540K, capacity 5982K, committed 6092K, reserved 1048576K
}
Event: 9.296 GC heap before
{Heap before GC invocations=12 (full 0):
 garbage-first heap   total 161792K, used 115777K [0x0000000080000000, 0x0000000100000000)
  region size 1024K, 79 young (80896K), 7 survivors (7168K)
 Metaspace       used 46687K, capacity 47839K, committed 48076K, reserved 1091584K
  class space    used 6125K, capacity 6556K, committed 6604K, reserved 1048576K
}
Event: 9.312 GC heap after
{Heap after GC invocations=13 (full 0):
 garbage-first heap   total 194560K, used 45269K [0x0000000080000000, 0x0000000100000000)
  region size 1024K, 4 young (4096K), 4 survivors (4096K)
 Metaspace       used 46687K, capacity 47839K, committed 48076K, reserved 1091584K
  class space    used 6125K, capacity 6556K, committed 6604K, reserved 1048576K
}
Event: 11.061 GC heap before
{Heap before GC invocations=13 (full 0):
 garbage-first heap   total 194560K, used 151765K [0x0000000080000000, 0x0000000100000000)
  region size 1024K, 104 young (106496K), 4 survivors (4096K)
 Metaspace       used 49906K, capacity 51242K, committed 51532K, reserved 1093632K
  class space    used 6440K, capacity 6936K, committed 6988K, reserved 1048576K
}
Event: 11.071 GC heap after
{Heap after GC invocations=14 (full 0):
 garbage-first heap   total 194560K, used 51780K [0x0000000080000000, 0x0000000100000000)
  region size 1024K, 7 young (7168K), 7 survivors (7168K)
 Metaspace       used 49906K, capacity 51242K, committed 51532K, reserved 1093632K
  class space    used 6440K, capacity 6936K, committed 6988K, reserved 1048576K
}
Event: 12.376 GC heap before
{Heap before GC invocations=14 (full 0):
 garbage-first heap   total 194560K, used 152132K [0x0000000080000000, 0x0000000100000000)
  region size 1024K, 105 young (107520K), 7 survivors (7168K)
 Metaspace       used 53402K, capacity 54977K, committed 55244K, reserved 1097728K
  class space    used 6805K, capacity 7343K, committed 7372K, reserved 1048576K
}
Event: 12.390 GC heap after
{Heap after GC invocations=15 (full 0):
 garbage-first heap   total 194560K, used 55679K [0x0000000080000000, 0x0000000100000000)
  region size 1024K, 10 young (10240K), 10 survivors (10240K)
 Metaspace       used 53402K, capacity 54977K, committed 55244K, reserved 1097728K
  class space    used 6805K, capacity 7343K, committed 7372K, reserved 1048576K
}
Event: 14.264 GC heap before
{Heap before GC invocations=15 (full 0):
 garbage-first heap   total 194560K, used 167295K [0x0000000080000000, 0x0000000100000000)
  region size 1024K, 108 young (110592K), 10 survivors (10240K)
 Metaspace       used 57968K, capacity 59750K, committed 59852K, reserved 1101824K
  class space    used 7459K, capacity 8109K, committed 8140K, reserved 1048576K
}
Event: 14.285 GC heap after
{Heap after GC invocations=16 (full 0):
 garbage-first heap   total 194560K, used 78609K [0x0000000080000000, 0x0000000100000000)
  region size 1024K, 14 young (14336K), 14 survivors (14336K)
 Metaspace       used 57968K, capacity 59750K, committed 59852K, reserved 1101824K
  class space    used 7459K, capacity 8109K, committed 8140K, reserved 1048576K
}
Event: 15.761 GC heap before
{Heap before GC invocations=16 (full 0):
 garbage-first heap   total 194560K, used 154385K [0x0000000080000000, 0x0000000100000000)
  region size 1024K, 88 young (90112K), 14 survivors (14336K)
 Metaspace       used 68701K, capacity 70650K, committed 70732K, reserved 1110016K
  class space    used 8798K, capacity 9481K, committed 9548K, reserved 1048576K
}
Event: 15.786 GC heap after
{Heap after GC invocations=17 (full 0):
 garbage-first heap   total 194560K, used 83664K [0x0000000080000000, 0x0000000100000000)
  region size 1024K, 5 young (5120K), 5 survivors (5120K)
 Metaspace       used 68701K, capacity 70650K, committed 70732K, reserved 1110016K
  class space    used 8798K, capacity 9481K, committed 9548K, reserved 1048576K
}

