# JRE version: OpenJDK Runtime Environment (11.0.12+7) (build 11.0.12+7-b1504.28-7817840)
# Java VM: OpenJDK 64-Bit Server VM (11.0.12+7-b1504.28-7817840, mixed mode, tiered, compressed oops, g1 gc, windows-amd64)
Heap:
 garbage-first heap   total 189440K, used 102015K [0x0000000080000000, 0x0000000100000000)
  region size 1024K, 43 young (44032K), 8 survivors (8192K)
 Metaspace       used 63239K, capacity 65002K, committed 65152K, reserved 1105920K
  class space    used 8113K, capacity 8708K, committed 8832K, reserved 1048576K
GC Heap History (20 events):
Event: 54.644 GC heap before
{Heap before GC invocations=34 (full 0):
 garbage-first heap   total 189440K, used 160414K [0x0000000080000000, 0x0000000100000000)
  region size 1024K, 100 young (102400K), 8 survivors (8192K)
 Metaspace       used 50418K, capacity 51706K, committed 51840K, reserved 1093632K
  class space    used 6474K, capacity 6957K, committed 7040K, reserved 1048576K
}
Event: 54.652 GC heap after
{Heap after GC invocations=35 (full 0):
 garbage-first heap   total 189440K, used 67076K [0x0000000080000000, 0x0000000100000000)
  region size 1024K, 8 young (8192K), 8 survivors (8192K)
 Metaspace       used 50418K, capacity 51706K, committed 51840K, reserved 1093632K
  class space    used 6474K, capacity 6957K, committed 7040K, reserved 1048576K
}
Event: 54.965 GC heap before
{Heap before GC invocations=35 (full 0):
 garbage-first heap   total 189440K, used 161284K [0x0000000080000000, 0x0000000100000000)
  region size 1024K, 100 young (102400K), 8 survivors (8192K)
 Metaspace       used 50418K, capacity 51706K, committed 51840K, reserved 1093632K
  class space    used 6474K, capacity 6957K, committed 7040K, reserved 1048576K
}
Event: 54.973 GC heap after
{Heap after GC invocations=36 (full 0):
 garbage-first heap   total 189440K, used 68154K [0x0000000080000000, 0x0000000100000000)
  region size 1024K, 6 young (6144K), 6 survivors (6144K)
 Metaspace       used 50418K, capacity 51706K, committed 51840K, reserved 1093632K
  class space    used 6474K, capacity 6957K, committed 7040K, reserved 1048576K
}
Event: 55.272 GC heap before
{Heap before GC invocations=36 (full 0):
 garbage-first heap   total 189440K, used 163386K [0x0000000080000000, 0x0000000100000000)
  region size 1024K, 99 young (101376K), 6 survivors (6144K)
 Metaspace       used 50421K, capacity 51706K, committed 51840K, reserved 1093632K
  class space    used 6475K, capacity 6957K, committed 7040K, reserved 1048576K
}
Event: 55.277 GC heap after
{Heap after GC invocations=37 (full 0):
 garbage-first heap   total 189440K, used 68781K [0x0000000080000000, 0x0000000100000000)
  region size 1024K, 7 young (7168K), 7 survivors (7168K)
 Metaspace       used 50421K, capacity 51706K, committed 51840K, reserved 1093632K
  class space    used 6475K, capacity 6957K, committed 7040K, reserved 1048576K
}
Event: 55.633 GC heap before
{Heap before GC invocations=37 (full 0):
 garbage-first heap   total 189440K, used 161965K [0x0000000080000000, 0x0000000100000000)
  region size 1024K, 98 young (100352K), 7 survivors (7168K)
 Metaspace       used 50425K, capacity 51706K, committed 51840K, reserved 1093632K
  class space    used 6475K, capacity 6957K, committed 7040K, reserved 1048576K
}
Event: 55.639 GC heap after
{Heap after GC invocations=38 (full 0):
 garbage-first heap   total 189440K, used 69826K [0x0000000080000000, 0x0000000100000000)
  region size 1024K, 8 young (8192K), 8 survivors (8192K)
 Metaspace       used 50425K, capacity 51706K, committed 51840K, reserved 1093632K
  class space    used 6475K, capacity 6957K, committed 7040K, reserved 1048576K
}
Event: 55.976 GC heap before
{Heap before GC invocations=38 (full 0):
 garbage-first heap   total 189440K, used 160962K [0x0000000080000000, 0x0000000100000000)
  region size 1024K, 97 young (99328K), 8 survivors (8192K)
 Metaspace       used 50425K, capacity 51706K, committed 51840K, reserved 1093632K
  class space    used 6475K, capacity 6957K, committed 7040K, reserved 1048576K
}
Event: 55.982 GC heap after
{Heap after GC invocations=39 (full 0):
 garbage-first heap   total 189440K, used 70826K [0x0000000080000000, 0x0000000100000000)
  region size 1024K, 8 young (8192K), 8 survivors (8192K)
 Metaspace       used 50425K, capacity 51706K, committed 51840K, reserved 1093632K
  class space    used 6475K, capacity 6957K, committed 7040K, reserved 1048576K
}
Event: 56.684 GC heap before
{Heap before GC invocations=39 (full 0):
 garbage-first heap   total 189440K, used 160938K [0x0000000080000000, 0x0000000100000000)
  region size 1024K, 96 young (98304K), 8 survivors (8192K)
 Metaspace       used 50438K, capacity 51770K, committed 52096K, reserved 1093632K
  class space    used 6475K, capacity 6957K, committed 7040K, reserved 1048576K
}
Event: 56.686 GC heap after
{Heap after GC invocations=40 (full 0):
 garbage-first heap   total 189440K, used 63448K [0x0000000080000000, 0x0000000100000000)
  region size 1024K, 2 young (2048K), 2 survivors (2048K)
 Metaspace       used 50438K, capacity 51770K, committed 52096K, reserved 1093632K
  class space    used 6475K, capacity 6957K, committed 7040K, reserved 1048576K
}
Event: 56.898 GC heap before
{Heap before GC invocations=40 (full 0):
 garbage-first heap   total 189440K, used 166872K [0x0000000080000000, 0x0000000100000000)
  region size 1024K, 100 young (102400K), 2 survivors (2048K)
 Metaspace       used 50445K, capacity 51771K, committed 52096K, reserved 1093632K
  class space    used 6475K, capacity 6957K, committed 7040K, reserved 1048576K
}
Event: 56.900 GC heap after
{Heap after GC invocations=41 (full 0):
 garbage-first heap   total 189440K, used 64878K [0x0000000080000000, 0x0000000100000000)
  region size 1024K, 2 young (2048K), 2 survivors (2048K)
 Metaspace       used 50445K, capacity 51771K, committed 52096K, reserved 1093632K
  class space    used 6475K, capacity 6957K, committed 7040K, reserved 1048576K
}
Event: 57.069 GC heap before
{Heap before GC invocations=41 (full 0):
 garbage-first heap   total 189440K, used 164206K [0x0000000080000000, 0x0000000100000000)
  region size 1024K, 99 young (101376K), 2 survivors (2048K)
 Metaspace       used 50445K, capacity 51771K, committed 52096K, reserved 1093632K
  class space    used 6475K, capacity 6957K, committed 7040K, reserved 1048576K
}
Event: 57.071 GC heap after
{Heap after GC invocations=42 (full 0):
 garbage-first heap   total 189440K, used 66272K [0x0000000080000000, 0x0000000100000000)
  region size 1024K, 3 young (3072K), 3 survivors (3072K)
 Metaspace       used 50445K, capacity 51771K, committed 52096K, reserved 1093632K
  class space    used 6475K, capacity 6957K, committed 7040K, reserved 1048576K
}
Event: 57.217 GC heap before
{Heap before GC invocations=42 (full 0):
 garbage-first heap   total 189440K, used 164576K [0x0000000080000000, 0x0000000100000000)
  region size 1024K, 99 young (101376K), 3 survivors (3072K)
 Metaspace       used 50448K, capacity 51772K, committed 52096K, reserved 1093632K
  class space    used 6475K, capacity 6957K, committed 7040K, reserved 1048576K
}
Event: 57.220 GC heap after
{Heap after GC invocations=43 (full 0):
 garbage-first heap   total 189440K, used 67748K [0x0000000080000000, 0x0000000100000000)
  region size 1024K, 5 young (5120K), 5 survivors (5120K)
 Metaspace       used 50448K, capacity 51772K, committed 52096K, reserved 1093632K
  class space    used 6475K, capacity 6957K, committed 7040K, reserved 1048576K
}
Event: 57.801 GC heap before
{Heap before GC invocations=43 (full 0):
 garbage-first heap   total 189440K, used 168100K [0x0000000080000000, 0x0000000100000000)
  region size 1024K, 99 young (101376K), 5 survivors (5120K)
 Metaspace       used 50472K, capacity 51772K, committed 52096K, reserved 1093632K
  class space    used 6475K, capacity 6957K, committed 7040K, reserved 1048576K
}
Event: 57.803 GC heap after
{Heap after GC invocations=44 (full 0):
 garbage-first heap   total 189440K, used 66400K [0x0000000080000000, 0x0000000100000000)
  region size 1024K, 2 young (2048K), 2 survivors (2048K)
 Metaspace       used 50472K, capacity 51772K, committed 52096K, reserved 1093632K
  class space    used 6475K, capacity 6957K, committed 7040K, reserved 1048576K
}

